<?xml version="1.0" encoding="UTF-8"?>
<!-- Generated by org.testng.reporters.JUnitReportReporter -->
<testsuite skipped="0" hostname="LAPTOP-M4N4JHAP" name="Acacemy.UnHappyTests" tests="2" failures="0" timestamp="2021-04-08T16:31:23 IST" time="92.213" errors="0">
  <testcase name="urlhomePageIntellisense" time="62.104" classname="Acacemy.UnHappyTests"/>
  <system-out/>
  <testcase name="baselogin" time="30.109" classname="Acacemy.UnHappyTests"/>
  <system-out/>
</testsuite> <!-- Acacemy.UnHappyTests -->
