<?xml version="1.0" encoding="UTF-8"?>
<!-- Generated by org.testng.reporters.JUnitReportReporter -->
<testsuite skipped="0" hostname="LAPTOP-M4N4JHAP" name="Acacemy.HappyTests" tests="1" failures="0" timestamp="2021-08-18T14:45:52 IST" time="12.145" errors="0">
  <testcase name="homePageDashBoard" time="12.145" classname="Acacemy.HappyTests"/>
  <system-out/>
</testsuite> <!-- Acacemy.HappyTests -->
